Arguments: 
  /usr/local/bin/node /Users/skota/.yarn/bin/yarn.js install

PATH: 
  /usr/local/bin:/Users/skota/.yarn/bin:/usr/local/bin:/usr/bin:/bin:/usr/sbin:/sbin:/Applications/VMware Fusion.app/Contents/Public:/Users/skota/software/apache-maven-3.5.0/bin:/Library/Java/JavaVirtualMachines/jdk1.8.0_144.jdk/Contents/Home/bin:/Applications/Araxis Merge.app/Contents/Utilities:/Users/skota/.lc2/bin

Yarn version: 
  1.3.2

Node version: 
  8.9.1

Platform: 
  darwin x64

npm manifest: 
  {
    "main": "node_modules/expo/AppEntry.js",
    "private": true,
    "dependencies": {
      "expo": "^25.0.0",
      "react": "16.2.0",
      "react-native": "https://github.com/expo/react-native/archive/sdk-25.0.0.tar.gz"
    }
  }

yarn manifest: 
  No manifest

Lockfile: 
  No lockfile

Trace: 
  Error: getaddrinfo ENOTFOUND artifactory.tlcinternal.com artifactory.tlcinternal.com:443
      at errnoException (dns.js:50:10)
      at GetAddrInfoReqWrap.onlookup [as oncomplete] (dns.js:92:26)
